Using pre-set license
Built from '2021.1/staging' branch; Version is '2021.1.7f1 (d91830b65d9b) revision 14227504'; Using compiler version '192528614'; Build Type 'Release'
OS: 'Windows 10 Home; OS build 19044.2006; Version 2009; 64bit' Language: 'ru' Physical Memory: 7957 MB
BatchMode: 1, IsHumanControllingUs: 0, StartBugReporterOnCrash: 0, Is64bit: 1, IsPro: 0

 COMMAND LINE ARGUMENTS:
C:\UnityClients\Unity\2021.1.7f1\Editor\Unity.exe
-adb2
-batchMode
-noUpm
-name
AssetImportWorker0
-projectPath
C:/programming/Games/Look at this Russian
-logFile
Logs/AssetImportWorker0.log
-srvPort
61866
Successfully changed project path to: C:/programming/Games/Look at this Russian
C:/programming/Games/Look at this Russian
Using Asset Import Pipeline V2.
Refreshing native plugins compatible for Editor in 290.94 ms, found 1 plugins.
Preloading 0 native plugins for Editor in 0.00 ms.
Initialize engine version: 2021.1.7f1 (d91830b65d9b)
[Subsystems] Discovering subsystems at path C:/UnityClients/Unity/2021.1.7f1/Editor/Data/Resources/UnitySubsystems
[Subsystems] Discovering subsystems at path C:/programming/Games/Look at this Russian/Assets
GfxDevice: creating device client; threaded=0; jobified=0
Direct3D:
    Version:  Direct3D 11.0 [level 11.1]
    Renderer: Intel(R) Iris(R) Xe Graphics (ID=0x9a49)
    Vendor:   Intel
    VRAM:     3978 MB
    Driver:   30.0.100.9955
Invalid texture used for cursor - check importer settings or texture creation. Texture must be RGBA32, readable, have alphaIsTransparency enabled and have no mip chain.

Initialize mono
Mono path[0] = 'C:/UnityClients/Unity/2021.1.7f1/Editor/Data/Managed'
Mono path[1] = 'C:/UnityClients/Unity/2021.1.7f1/Editor/Data/MonoBleedingEdge/lib/mono/unityjit'
Mono config path = 'C:/UnityClients/Unity/2021.1.7f1/Editor/Data/MonoBleedingEdge/etc'
Using monoOptions --debugger-agent=transport=dt_socket,embedding=1,server=y,suspend=n,address=127.0.0.1:56808
Begin MonoManager ReloadAssembly
Registering precompiled unity dll's ...
Register platform support module: C:/UnityClients/Unity/2021.1.7f1/Editor/Data/PlaybackEngines/WindowsStandaloneSupport/UnityEditor.WindowsStandalone.Extensions.dll
Registered in 0.005955 seconds.
Native extension for WindowsStandalone target not found
Refreshing native plugins compatible for Editor in 244.48 ms, found 1 plugins.
Preloading 0 native plugins for Editor in 0.00 ms.
Mono: successfully reloaded assembly
- Completed reload, in 14.000 seconds
Platform modules already initialized, skipping
Registering precompiled user dll's ...
Registered in 0.012924 seconds.
Begin MonoManager ReloadAssembly
Symbol file LoadedFromMemory doesn't match image C:\programming\Games\Look at this Russian\Library\PackageCache\com.unity.visualscripting@1.6.1\Editor\VisualScripting.Core\Dependencies\YamlDotNet\Unity.VisualScripting.YamlDotNet.dll
Symbol file LoadedFromMemory doesn't match image C:\programming\Games\Look at this Russian\Library\PackageCache\com.unity.visualscripting@1.6.1\Editor\VisualScripting.Core\Dependencies\DotNetZip\Unity.VisualScripting.IonicZip.dll
Native extension for WindowsStandalone target not found
Refreshing native plugins compatible for Editor in 249.22 ms, found 1 plugins.
Preloading 0 native plugins for Editor in 0.00 ms.
Mono: successfully reloaded assembly
- Completed reload, in  2.911 seconds
Platform modules already initialized, skipping
========================================================================
Worker process is ready to serve import requests
Launched and connected shader compiler UnityShaderCompiler.exe after 0.10 seconds
Refreshing native plugins compatible for Editor in 1.42 ms, found 1 plugins.
Preloading 0 native plugins for Editor in 0.00 ms.
Unloading 3108 Unused Serialized files (Serialized files now loaded: 0)
System memory in use before: 126.7 MB.
System memory in use after: 126.9 MB.

Unloading 39 unused Assets to reduce memory usage. Loaded Objects now: 3562.
Total: 5.492400 ms (FindLiveObjects: 0.372900 ms CreateObjectMapping: 0.177000 ms MarkObjects: 4.789400 ms  DeleteObjects: 0.151000 ms)

========================================================================
Received Import Request.
  path: Assets/Scenes/Menu.unity
  artifactKey: Guid(f8078234068c2774f8e0bbab21cba9c9) Importer(815301076,1909f56bfc062723c751e8b465ee728b)
Start importing Assets/Scenes/Menu.unity using Guid(f8078234068c2774f8e0bbab21cba9c9) Importer(815301076,1909f56bfc062723c751e8b465ee728b)  -> (artifact id: '854b4a671364e6d59d708d5f7e7d8707') in 0.044868 seconds 
========================================================================
Received Prepare
Registering precompiled user dll's ...
Registered in 0.009424 seconds.
Begin MonoManager ReloadAssembly
Symbol file LoadedFromMemory doesn't match image C:\programming\Games\Look at this Russian\Library\PackageCache\com.unity.visualscripting@1.6.1\Editor\VisualScripting.Core\Dependencies\YamlDotNet\Unity.VisualScripting.YamlDotNet.dll
Symbol file LoadedFromMemory doesn't match image C:\programming\Games\Look at this Russian\Library\PackageCache\com.unity.visualscripting@1.6.1\Editor\VisualScripting.Core\Dependencies\DotNetZip\Unity.VisualScripting.IonicZip.dll
Native extension for WindowsStandalone target not found
Refreshing native plugins compatible for Editor in 1.67 ms, found 1 plugins.
Preloading 0 native plugins for Editor in 0.00 ms.
Mono: successfully reloaded assembly
- Completed reload, in  2.035 seconds
Platform modules already initialized, skipping
Switching build target platform(19) subTarget(0) extendedPlatform(0) -> platform(13) subTarget(537395200) extendedPlatform(0)
Refreshing native plugins compatible for Editor in 1.47 ms, found 1 plugins.
Preloading 0 native plugins for Editor in 0.00 ms.
Unloading 3073 Unused Serialized files (Serialized files now loaded: 0)
System memory in use before: 123.3 MB.
System memory in use after: 123.5 MB.

Unloading 32 unused Assets to reduce memory usage. Loaded Objects now: 3565.
Total: 4.053400 ms (FindLiveObjects: 0.275000 ms CreateObjectMapping: 0.235600 ms MarkObjects: 3.483300 ms  DeleteObjects: 0.056600 ms)

AssetImportParameters requested are different than current active one (requested -> active):
  custom:graphics/normal-map-encoding: 01000000000000000000000000000000 -> 02000000000000000000000000000000
========================================================================
Received Prepare
Refreshing native plugins compatible for Editor in 9.80 ms, found 1 plugins.
Preloading 0 native plugins for Editor in 0.00 ms.
Unloading 30 Unused Serialized files (Serialized files now loaded: 0)
System memory in use before: 63.3 MB.
System memory in use after: 63.5 MB.

Unloading 30 unused Assets to reduce memory usage. Loaded Objects now: 3565.
Total: 3.011200 ms (FindLiveObjects: 0.234500 ms CreateObjectMapping: 0.100400 ms MarkObjects: 2.645200 ms  DeleteObjects: 0.029900 ms)

========================================================================
Received Prepare
Refreshing native plugins compatible for Editor in 12.29 ms, found 1 plugins.
Preloading 0 native plugins for Editor in 0.00 ms.
Unloading 30 Unused Serialized files (Serialized files now loaded: 0)
System memory in use before: 63.3 MB.
System memory in use after: 63.5 MB.

Unloading 30 unused Assets to reduce memory usage. Loaded Objects now: 3565.
Total: 404.904900 ms (FindLiveObjects: 0.715000 ms CreateObjectMapping: 0.397800 ms MarkObjects: 403.725600 ms  DeleteObjects: 0.063500 ms)

========================================================================
Received Prepare
Refreshing native plugins compatible for Editor in 9.95 ms, found 1 plugins.
Preloading 0 native plugins for Editor in 0.00 ms.
Unloading 30 Unused Serialized files (Serialized files now loaded: 0)
System memory in use before: 63.3 MB.
System memory in use after: 63.5 MB.

Unloading 30 unused Assets to reduce memory usage. Loaded Objects now: 3565.
Total: 4.515200 ms (FindLiveObjects: 0.263600 ms CreateObjectMapping: 0.094500 ms MarkObjects: 4.115800 ms  DeleteObjects: 0.039500 ms)

========================================================================
Received Prepare
Refreshing native plugins compatible for Editor in 8.53 ms, found 1 plugins.
Preloading 0 native plugins for Editor in 0.00 ms.
Unloading 30 Unused Serialized files (Serialized files now loaded: 0)
System memory in use before: 63.3 MB.
System memory in use after: 63.5 MB.

Unloading 30 unused Assets to reduce memory usage. Loaded Objects now: 3565.
Total: 2.956900 ms (FindLiveObjects: 0.235900 ms CreateObjectMapping: 0.091600 ms MarkObjects: 2.606600 ms  DeleteObjects: 0.021300 ms)

========================================================================
Received Prepare
Refreshing native plugins compatible for Editor in 11.92 ms, found 1 plugins.
Preloading 0 native plugins for Editor in 0.00 ms.
Unloading 30 Unused Serialized files (Serialized files now loaded: 0)
System memory in use before: 63.3 MB.
System memory in use after: 63.5 MB.

Unloading 30 unused Assets to reduce memory usage. Loaded Objects now: 3565.
Total: 5.104900 ms (FindLiveObjects: 0.337600 ms CreateObjectMapping: 0.136000 ms MarkObjects: 4.576800 ms  DeleteObjects: 0.051800 ms)

AssetImportWorkerClient::OnTransportError - code=2 error=End of file
